{"/Users/gaoxuefeng/Documents/AlembicWorkspace/Alembic/lib/http/middleware/validate.ts": {"path":"/Users/gaoxuefeng/Documents/AlembicWorkspace/Alembic/lib/http/middleware/validate.ts","statementMap":{"0":{"start":{"line":29,"column":2},"end":{"line":45,"column":null}},"1":{"start":{"line":30,"column":19},"end":{"line":30,"column":null}},"2":{"start":{"line":31,"column":4},"end":{"line":41,"column":null}},"3":{"start":{"line":32,"column":6},"end":{"line":39,"column":null}},"4":{"start":{"line":40,"column":6},"end":{"line":40,"column":null}},"5":{"start":{"line":43,"column":4},"end":{"line":43,"column":null}},"6":{"start":{"line":44,"column":4},"end":{"line":44,"column":null}},"7":{"start":{"line":55,"column":2},"end":{"line":71,"column":null}},"8":{"start":{"line":56,"column":19},"end":{"line":56,"column":null}},"9":{"start":{"line":57,"column":4},"end":{"line":67,"column":null}},"10":{"start":{"line":58,"column":6},"end":{"line":65,"column":null}},"11":{"start":{"line":66,"column":6},"end":{"line":66,"column":null}},"12":{"start":{"line":69,"column":4},"end":{"line":69,"column":null}},"13":{"start":{"line":70,"column":4},"end":{"line":70,"column":null}},"14":{"start":{"line":81,"column":2},"end":{"line":100,"column":null}},"15":{"start":{"line":82,"column":19},"end":{"line":82,"column":null}},"16":{"start":{"line":83,"column":4},"end":{"line":93,"column":null}},"17":{"start":{"line":84,"column":6},"end":{"line":91,"column":null}},"18":{"start":{"line":92,"column":6},"end":{"line":92,"column":null}},"19":{"start":{"line":94,"column":4},"end":{"line":98,"column":null}},"20":{"start":{"line":99,"column":4},"end":{"line":99,"column":null}}},"fnMap":{"0":{"name":"validate","decl":{"start":{"line":28,"column":16},"end":{"line":28,"column":46}},"loc":{"start":{"line":28,"column":57},"end":{"line":46,"column":null}},"line":28},"1":{"name":"(anonymous_1)","decl":{"start":{"line":29,"column":9},"end":{"line":29,"column":10}},"loc":{"start":{"line":29,"column":62},"end":{"line":45,"column":null}},"line":29},"2":{"name":"validateQuery","decl":{"start":{"line":54,"column":16},"end":{"line":54,"column":51}},"loc":{"start":{"line":54,"column":62},"end":{"line":72,"column":null}},"line":54},"3":{"name":"(anonymous_3)","decl":{"start":{"line":55,"column":9},"end":{"line":55,"column":10}},"loc":{"start":{"line":55,"column":62},"end":{"line":71,"column":null}},"line":55},"4":{"name":"validateParams","decl":{"start":{"line":80,"column":16},"end":{"line":80,"column":52}},"loc":{"start":{"line":80,"column":63},"end":{"line":101,"column":null}},"line":80},"5":{"name":"(anonymous_5)","decl":{"start":{"line":81,"column":9},"end":{"line":81,"column":10}},"loc":{"start":{"line":81,"column":62},"end":{"line":100,"column":null}},"line":81}},"branchMap":{"0":{"loc":{"start":{"line":30,"column":36},"end":{"line":30,"column":50}},"type":"binary-expr","locations":[{"start":{"line":30,"column":36},"end":{"line":30,"column":48}},{"start":{"line":30,"column":48},"end":{"line":30,"column":50}}],"line":30},"1":{"loc":{"start":{"line":31,"column":4},"end":{"line":41,"column":null}},"type":"if","locations":[{"start":{"line":31,"column":4},"end":{"line":41,"column":null}},{"start":{},"end":{}}],"line":31},"2":{"loc":{"start":{"line":57,"column":4},"end":{"line":67,"column":null}},"type":"if","locations":[{"start":{"line":57,"column":4},"end":{"line":67,"column":null}},{"start":{},"end":{}}],"line":57},"3":{"loc":{"start":{"line":83,"column":4},"end":{"line":93,"column":null}},"type":"if","locations":[{"start":{"line":83,"column":4},"end":{"line":93,"column":null}},{"start":{},"end":{}}],"line":83}},"s":{"0":16,"1":11,"2":11,"3":1,"4":1,"5":10,"6":10,"7":7,"8":1,"9":1,"10":0,"11":0,"12":1,"13":1,"14":0,"15":0,"16":0,"17":0,"18":0,"19":0,"20":0},"f":{"0":16,"1":11,"2":7,"3":1,"4":0,"5":0},"b":{"0":[11,0],"1":[1,10],"2":[0,1],"3":[0,0]},"meta":{"lastBranch":4,"lastFunction":6,"lastStatement":21,"seen":{"f:28:16:28:46":0,"s:29:2:45:Infinity":0,"f:29:9:29:10":1,"s:30:19:30:Infinity":1,"b:30:36:30:48:30:48:30:50":0,"b:31:4:41:Infinity:undefined:undefined:undefined:undefined":1,"s:31:4:41:Infinity":2,"s:32:6:39:Infinity":3,"s:40:6:40:Infinity":4,"s:43:4:43:Infinity":5,"s:44:4:44:Infinity":6,"f:54:16:54:51":2,"s:55:2:71:Infinity":7,"f:55:9:55:10":3,"s:56:19:56:Infinity":8,"b:57:4:67:Infinity:undefined:undefined:undefined:undefined":2,"s:57:4:67:Infinity":9,"s:58:6:65:Infinity":10,"s:66:6:66:Infinity":11,"s:69:4:69:Infinity":12,"s:70:4:70:Infinity":13,"f:80:16:80:52":4,"s:81:2:100:Infinity":14,"f:81:9:81:10":5,"s:82:19:82:Infinity":15,"b:83:4:93:Infinity:undefined:undefined:undefined:undefined":3,"s:83:4:93:Infinity":16,"s:84:6:91:Infinity":17,"s:92:6:92:Infinity":18,"s:94:4:98:Infinity":19,"s:99:4:99:Infinity":20}}}
,"/Users/gaoxuefeng/Documents/AlembicWorkspace/Alembic/lib/http/routes/auth.ts": {"path":"/Users/gaoxuefeng/Documents/AlembicWorkspace/Alembic/lib/http/routes/auth.ts","statementMap":{"0":{"start":{"line":17,"column":15},"end":{"line":17,"column":null}},"1":{"start":{"line":23,"column":22},"end":{"line":23,"column":null}},"2":{"start":{"line":24,"column":22},"end":{"line":24,"column":null}},"3":{"start":{"line":25,"column":21},"end":{"line":25,"column":null}},"4":{"start":{"line":29,"column":2},"end":{"line":29,"column":null}},"5":{"start":{"line":30,"column":0},"end":{"line":35,"column":null}},"6":{"start":{"line":31,"column":2},"end":{"line":34,"column":null}},"7":{"start":{"line":36,"column":18},"end":{"line":36,"column":null}},"8":{"start":{"line":39,"column":0},"end":{"line":41,"column":null}},"9":{"start":{"line":40,"column":2},"end":{"line":40,"column":null}},"10":{"start":{"line":48,"column":18},"end":{"line":53,"column":null}},"11":{"start":{"line":54,"column":21},"end":{"line":54,"column":null}},"12":{"start":{"line":55,"column":14},"end":{"line":55,"column":null}},"13":{"start":{"line":56,"column":2},"end":{"line":56,"column":null}},"14":{"start":{"line":60,"column":2},"end":{"line":62,"column":null}},"15":{"start":{"line":61,"column":4},"end":{"line":61,"column":null}},"16":{"start":{"line":63,"column":28},"end":{"line":63,"column":null}},"17":{"start":{"line":64,"column":2},"end":{"line":66,"column":null}},"18":{"start":{"line":65,"column":4},"end":{"line":65,"column":null}},"19":{"start":{"line":68,"column":22},"end":{"line":71,"column":null}},"20":{"start":{"line":72,"column":2},"end":{"line":74,"column":null}},"21":{"start":{"line":73,"column":4},"end":{"line":73,"column":null}},"22":{"start":{"line":76,"column":2},"end":{"line":84,"column":null}},"23":{"start":{"line":77,"column":20},"end":{"line":77,"column":null}},"24":{"start":{"line":78,"column":4},"end":{"line":80,"column":null}},"25":{"start":{"line":79,"column":6},"end":{"line":79,"column":null}},"26":{"start":{"line":81,"column":4},"end":{"line":81,"column":null}},"27":{"start":{"line":83,"column":4},"end":{"line":83,"column":null}},"28":{"start":{"line":95,"column":0},"end":{"line":122,"column":null}},"29":{"start":{"line":96,"column":33},"end":{"line":96,"column":null}},"30":{"start":{"line":100,"column":4},"end":{"line":101,"column":null}},"31":{"start":{"line":103,"column":4},"end":{"line":104,"column":null}},"32":{"start":{"line":106,"column":2},"end":{"line":111,"column":null}},"33":{"start":{"line":107,"column":4},"end":{"line":110,"column":null}},"34":{"start":{"line":113,"column":16},"end":{"line":113,"column":null}},"35":{"start":{"line":115,"column":2},"end":{"line":121,"column":null}},"36":{"start":{"line":128,"column":0},"end":{"line":146,"column":null}},"37":{"start":{"line":129,"column":21},"end":{"line":129,"column":null}},"38":{"start":{"line":130,"column":16},"end":{"line":130,"column":null}},"39":{"start":{"line":131,"column":18},"end":{"line":131,"column":null}},"40":{"start":{"line":133,"column":2},"end":{"line":138,"column":null}},"41":{"start":{"line":134,"column":4},"end":{"line":137,"column":null}},"42":{"start":{"line":140,"column":2},"end":{"line":145,"column":null}}},"fnMap":{"0":{"name":"createToken","decl":{"start":{"line":47,"column":9},"end":{"line":47,"column":21}},"loc":{"start":{"line":47,"column":39},"end":{"line":57,"column":null}},"line":47},"1":{"name":"verifyToken","decl":{"start":{"line":59,"column":9},"end":{"line":59,"column":21}},"loc":{"start":{"line":59,"column":48},"end":{"line":85,"column":null}},"line":59},"2":{"name":"(anonymous_2)","decl":{"start":{"line":95,"column":47},"end":{"line":95,"column":54}},"loc":{"start":{"line":95,"column":86},"end":{"line":122,"column":1}},"line":95},"3":{"name":"(anonymous_3)","decl":{"start":{"line":128,"column":18},"end":{"line":128,"column":25}},"loc":{"start":{"line":128,"column":57},"end":{"line":146,"column":1}},"line":128}},"branchMap":{"0":{"loc":{"start":{"line":23,"column":22},"end":{"line":23,"column":null}},"type":"binary-expr","locations":[{"start":{"line":23,"column":22},"end":{"line":23,"column":59}},{"start":{"line":23,"column":59},"end":{"line":23,"column":null}}],"line":23},"1":{"loc":{"start":{"line":24,"column":22},"end":{"line":24,"column":null}},"type":"binary-expr","locations":[{"start":{"line":24,"column":22},"end":{"line":24,"column":59}},{"start":{"line":24,"column":59},"end":{"line":24,"column":null}}],"line":24},"2":{"loc":{"start":{"line":25,"column":21},"end":{"line":25,"column":null}},"type":"binary-expr","locations":[{"start":{"line":25,"column":21},"end":{"line":25,"column":56}},{"start":{"line":25,"column":56},"end":{"line":25,"column":null}}],"line":25},"3":{"loc":{"start":{"line":29,"column":2},"end":{"line":29,"column":null}},"type":"binary-expr","locations":[{"start":{"line":29,"column":2},"end":{"line":29,"column":46}},{"start":{"line":29,"column":46},"end":{"line":29,"column":null}}],"line":29},"4":{"loc":{"start":{"line":30,"column":0},"end":{"line":35,"column":null}},"type":"if","locations":[{"start":{"line":30,"column":0},"end":{"line":35,"column":null}},{"start":{},"end":{}}],"line":30},"5":{"loc":{"start":{"line":30,"column":4},"end":{"line":30,"column":95}},"type":"binary-expr","locations":[{"start":{"line":30,"column":4},"end":{"line":30,"column":20}},{"start":{"line":30,"column":20},"end":{"line":30,"column":58}},{"start":{"line":30,"column":58},"end":{"line":30,"column":95}}],"line":30},"6":{"loc":{"start":{"line":39,"column":0},"end":{"line":41,"column":null}},"type":"if","locations":[{"start":{"line":39,"column":0},"end":{"line":41,"column":null}},{"start":{},"end":{}}],"line":39},"7":{"loc":{"start":{"line":60,"column":2},"end":{"line":62,"column":null}},"type":"if","locations":[{"start":{"line":60,"column":2},"end":{"line":62,"column":null}},{"start":{},"end":{}}],"line":60},"8":{"loc":{"start":{"line":60,"column":6},"end":{"line":60,"column":43}},"type":"binary-expr","locations":[{"start":{"line":60,"column":6},"end":{"line":60,"column":16}},{"start":{"line":60,"column":16},"end":{"line":60,"column":43}}],"line":60},"9":{"loc":{"start":{"line":64,"column":2},"end":{"line":66,"column":null}},"type":"if","locations":[{"start":{"line":64,"column":2},"end":{"line":66,"column":null}},{"start":{},"end":{}}],"line":64},"10":{"loc":{"start":{"line":64,"column":6},"end":{"line":64,"column":27}},"type":"binary-expr","locations":[{"start":{"line":64,"column":6},"end":{"line":64,"column":21}},{"start":{"line":64,"column":21},"end":{"line":64,"column":27}}],"line":64},"11":{"loc":{"start":{"line":72,"column":2},"end":{"line":74,"column":null}},"type":"if","locations":[{"start":{"line":72,"column":2},"end":{"line":74,"column":null}},{"start":{},"end":{}}],"line":72},"12":{"loc":{"start":{"line":78,"column":4},"end":{"line":80,"column":null}},"type":"if","locations":[{"start":{"line":78,"column":4},"end":{"line":80,"column":null}},{"start":{},"end":{}}],"line":78},"13":{"loc":{"start":{"line":78,"column":8},"end":{"line":78,"column":49}},"type":"binary-expr","locations":[{"start":{"line":78,"column":8},"end":{"line":78,"column":23}},{"start":{"line":78,"column":23},"end":{"line":78,"column":49}}],"line":78},"14":{"loc":{"start":{"line":100,"column":4},"end":{"line":101,"column":null}},"type":"binary-expr","locations":[{"start":{"line":100,"column":4},"end":{"line":100,"column":null}},{"start":{"line":101,"column":4},"end":{"line":101,"column":null}}],"line":100},"15":{"loc":{"start":{"line":103,"column":4},"end":{"line":104,"column":null}},"type":"binary-expr","locations":[{"start":{"line":103,"column":4},"end":{"line":103,"column":null}},{"start":{"line":104,"column":4},"end":{"line":104,"column":null}}],"line":103},"16":{"loc":{"start":{"line":106,"column":2},"end":{"line":111,"column":null}},"type":"if","locations":[{"start":{"line":106,"column":2},"end":{"line":111,"column":null}},{"start":{},"end":{}}],"line":106},"17":{"loc":{"start":{"line":106,"column":6},"end":{"line":106,"column":26}},"type":"binary-expr","locations":[{"start":{"line":106,"column":6},"end":{"line":106,"column":17}},{"start":{"line":106,"column":17},"end":{"line":106,"column":26}}],"line":106},"18":{"loc":{"start":{"line":129,"column":21},"end":{"line":129,"column":null}},"type":"binary-expr","locations":[{"start":{"line":129,"column":21},"end":{"line":129,"column":50}},{"start":{"line":129,"column":50},"end":{"line":129,"column":null}}],"line":129},"19":{"loc":{"start":{"line":130,"column":16},"end":{"line":130,"column":null}},"type":"cond-expr","locations":[{"start":{"line":130,"column":51},"end":{"line":130,"column":73}},{"start":{"line":130,"column":73},"end":{"line":130,"column":null}}],"line":130},"20":{"loc":{"start":{"line":133,"column":2},"end":{"line":138,"column":null}},"type":"if","locations":[{"start":{"line":133,"column":2},"end":{"line":138,"column":null}},{"start":{},"end":{}}],"line":133}},"s":{"0":1,"1":1,"2":1,"3":1,"4":1,"5":1,"6":0,"7":1,"8":1,"9":1,"10":1,"11":1,"12":1,"13":1,"14":3,"15":1,"16":2,"17":2,"18":1,"19":1,"20":1,"21":0,"22":1,"23":1,"24":1,"25":0,"26":1,"27":0,"28":1,"29":2,"30":2,"31":2,"32":2,"33":1,"34":1,"35":1,"36":1,"37":3,"38":3,"39":3,"40":3,"41":2,"42":1},"f":{"0":1,"1":3,"2":2,"3":3},"b":{"0":[1,1],"1":[1,1],"2":[1,1],"3":[1,1],"4":[0,1],"5":[1,0,0],"6":[1,0],"7":[1,2],"8":[3,2],"9":[1,1],"10":[2,2],"11":[0,1],"12":[0,1],"13":[1,1],"14":[2,2],"15":[2,1],"16":[1,1],"17":[2,2],"18":[3,1],"19":[2,1],"20":[2,1]},"meta":{"lastBranch":21,"lastFunction":4,"lastStatement":43,"seen":{"s:17:15:17:Infinity":0,"s:23:22:23:Infinity":1,"b:23:22:23:59:23:59:23:Infinity":0,"s:24:22:24:Infinity":2,"b:24:22:24:59:24:59:24:Infinity":1,"s:25:21:25:Infinity":3,"b:25:21:25:56:25:56:25:Infinity":2,"s:29:2:29:Infinity":4,"b:29:2:29:46:29:46:29:Infinity":3,"b:30:0:35:Infinity:undefined:undefined:undefined:undefined":4,"s:30:0:35:Infinity":5,"b:30:4:30:20:30:20:30:58:30:58:30:95":5,"s:31:2:34:Infinity":6,"s:36:18:36:Infinity":7,"b:39:0:41:Infinity:undefined:undefined:undefined:undefined":6,"s:39:0:41:Infinity":8,"s:40:2:40:Infinity":9,"f:47:9:47:21":0,"s:48:18:53:Infinity":10,"s:54:21:54:Infinity":11,"s:55:14:55:Infinity":12,"s:56:2:56:Infinity":13,"f:59:9:59:21":1,"b:60:2:62:Infinity:undefined:undefined:undefined:undefined":7,"s:60:2:62:Infinity":14,"b:60:6:60:16:60:16:60:43":8,"s:61:4:61:Infinity":15,"s:63:28:63:Infinity":16,"b:64:2:66:Infinity:undefined:undefined:undefined:undefined":9,"s:64:2:66:Infinity":17,"b:64:6:64:21:64:21:64:27":10,"s:65:4:65:Infinity":18,"s:68:22:71:Infinity":19,"b:72:2:74:Infinity:undefined:undefined:undefined:undefined":11,"s:72:2:74:Infinity":20,"s:73:4:73:Infinity":21,"s:76:2:84:Infinity":22,"s:77:20:77:Infinity":23,"b:78:4:80:Infinity:undefined:undefined:undefined:undefined":12,"s:78:4:80:Infinity":24,"b:78:8:78:23:78:23:78:49":13,"s:79:6:79:Infinity":25,"s:81:4:81:Infinity":26,"s:83:4:83:Infinity":27,"s:95:0:122:Infinity":28,"f:95:47:95:54":2,"s:96:33:96:Infinity":29,"s:100:4:101:Infinity":30,"b:100:4:100:Infinity:101:4:101:Infinity":14,"s:103:4:104:Infinity":31,"b:103:4:103:Infinity:104:4:104:Infinity":15,"b:106:2:111:Infinity:undefined:undefined:undefined:undefined":16,"s:106:2:111:Infinity":32,"b:106:6:106:17:106:17:106:26":17,"s:107:4:110:Infinity":33,"s:113:16:113:Infinity":34,"s:115:2:121:Infinity":35,"s:128:0:146:Infinity":36,"f:128:18:128:25":3,"s:129:21:129:Infinity":37,"b:129:21:129:50:129:50:129:Infinity":18,"s:130:16:130:Infinity":38,"b:130:51:130:73:130:73:130:Infinity":19,"s:131:18:131:Infinity":39,"b:133:2:138:Infinity:undefined:undefined:undefined:undefined":20,"s:133:2:138:Infinity":40,"s:134:4:137:Infinity":41,"s:140:2:145:Infinity":42}}}
,"/Users/gaoxuefeng/Documents/AlembicWorkspace/Alembic/lib/project-scope/ProjectScopeRegistry.ts": {"path":"/Users/gaoxuefeng/Documents/AlembicWorkspace/Alembic/lib/project-scope/ProjectScopeRegistry.ts","statementMap":{"0":{"start":{"line":36,"column":47},"end":{"line":36,"column":null}},"1":{"start":{"line":69,"column":2},"end":{"line":69,"column":null}},"2":{"start":{"line":73,"column":2},"end":{"line":73,"column":null}},"3":{"start":{"line":82,"column":4},"end":{"line":82,"column":null}},"4":{"start":{"line":83,"column":4},"end":{"line":83,"column":null}},"5":{"start":{"line":83,"column":32},"end":{"line":83,"column":null}},"6":{"start":{"line":87,"column":4},"end":{"line":100,"column":null}},"7":{"start":{"line":88,"column":6},"end":{"line":90,"column":null}},"8":{"start":{"line":89,"column":8},"end":{"line":89,"column":null}},"9":{"start":{"line":91,"column":21},"end":{"line":93,"column":null}},"10":{"start":{"line":94,"column":6},"end":{"line":96,"column":null}},"11":{"start":{"line":95,"column":8},"end":{"line":95,"column":null}},"12":{"start":{"line":97,"column":6},"end":{"line":97,"column":null}},"13":{"start":{"line":99,"column":6},"end":{"line":99,"column":null}},"14":{"start":{"line":104,"column":4},"end":{"line":104,"column":null}},"15":{"start":{"line":105,"column":20},"end":{"line":105,"column":null}},"16":{"start":{"line":106,"column":4},"end":{"line":106,"column":null}},"17":{"start":{"line":107,"column":4},"end":{"line":107,"column":null}},"18":{"start":{"line":111,"column":4},"end":{"line":113,"column":null}},"19":{"start":{"line":112,"column":6},"end":{"line":112,"column":null}},"20":{"start":{"line":117,"column":4},"end":{"line":117,"column":null}},"21":{"start":{"line":121,"column":10},"end":{"line":121,"column":null}},"22":{"start":{"line":122,"column":4},"end":{"line":125,"column":null}},"23":{"start":{"line":124,"column":8},"end":{"line":124,"column":null}},"24":{"start":{"line":130,"column":21},"end":{"line":130,"column":null}},"25":{"start":{"line":131,"column":10},"end":{"line":131,"column":null}},"26":{"start":{"line":132,"column":16},"end":{"line":132,"column":null}},"27":{"start":{"line":133,"column":26},"end":{"line":133,"column":null}},"28":{"start":{"line":134,"column":24},"end":{"line":134,"column":null}},"29":{"start":{"line":135,"column":25},"end":{"line":137,"column":null}},"30":{"start":{"line":138,"column":10},"end":{"line":138,"column":null}},"31":{"start":{"line":139,"column":4},"end":{"line":139,"column":null}},"32":{"start":{"line":140,"column":4},"end":{"line":140,"column":null}},"33":{"start":{"line":142,"column":10},"end":{"line":144,"column":null}},"34":{"start":{"line":146,"column":6},"end":{"line":148,"column":null}},"35":{"start":{"line":150,"column":4},"end":{"line":157,"column":null}},"36":{"start":{"line":161,"column":21},"end":{"line":161,"column":null}},"37":{"start":{"line":162,"column":10},"end":{"line":162,"column":null}},"38":{"start":{"line":163,"column":10},"end":{"line":165,"column":null}},"39":{"start":{"line":166,"column":4},"end":{"line":168,"column":null}},"40":{"start":{"line":167,"column":6},"end":{"line":167,"column":null}},"41":{"start":{"line":169,"column":4},"end":{"line":175,"column":null}},"42":{"start":{"line":179,"column":10},"end":{"line":179,"column":null}},"43":{"start":{"line":180,"column":21},"end":{"line":180,"column":null}},"44":{"start":{"line":181,"column":4},"end":{"line":183,"column":null}},"45":{"start":{"line":182,"column":6},"end":{"line":182,"column":null}},"46":{"start":{"line":184,"column":4},"end":{"line":187,"column":null}},"47":{"start":{"line":195,"column":28},"end":{"line":195,"column":null}},"48":{"start":{"line":196,"column":4},"end":{"line":202,"column":null}},"49":{"start":{"line":197,"column":20},"end":{"line":197,"column":null}},"50":{"start":{"line":198,"column":6},"end":{"line":200,"column":null}},"51":{"start":{"line":199,"column":8},"end":{"line":199,"column":null}},"52":{"start":{"line":201,"column":6},"end":{"line":201,"column":null}},"53":{"start":{"line":204,"column":24},"end":{"line":204,"column":null}},"54":{"start":{"line":205,"column":4},"end":{"line":207,"column":null}},"55":{"start":{"line":206,"column":6},"end":{"line":206,"column":null}},"56":{"start":{"line":209,"column":4},"end":{"line":209,"column":null}},"57":{"start":{"line":217,"column":10},"end":{"line":219,"column":null}},"58":{"start":{"line":220,"column":10},"end":{"line":220,"column":null}},"59":{"start":{"line":221,"column":10},"end":{"line":221,"column":null}},"60":{"start":{"line":222,"column":4},"end":{"line":234,"column":null}},"61":{"start":{"line":242,"column":4},"end":{"line":251,"column":null}},"62":{"start":{"line":258,"column":4},"end":{"line":261,"column":null}},"63":{"start":{"line":260,"column":8},"end":{"line":260,"column":null}},"64":{"start":{"line":269,"column":18},"end":{"line":269,"column":null}},"65":{"start":{"line":270,"column":4},"end":{"line":272,"column":null}},"66":{"start":{"line":271,"column":6},"end":{"line":271,"column":null}},"67":{"start":{"line":273,"column":4},"end":{"line":273,"column":null}},"68":{"start":{"line":278,"column":2},"end":{"line":278,"column":null}},"69":{"start":{"line":282,"column":19},"end":{"line":282,"column":null}},"70":{"start":{"line":283,"column":2},"end":{"line":293,"column":null}},"71":{"start":{"line":297,"column":2},"end":{"line":297,"column":null}},"72":{"start":{"line":301,"column":2},"end":{"line":301,"column":null}},"73":{"start":{"line":305,"column":2},"end":{"line":309,"column":null}},"74":{"start":{"line":306,"column":4},"end":{"line":306,"column":null}},"75":{"start":{"line":308,"column":4},"end":{"line":308,"column":null}},"76":{"start":{"line":313,"column":2},"end":{"line":313,"column":null}},"77":{"start":{"line":317,"column":2},"end":{"line":319,"column":null}},"78":{"start":{"line":318,"column":4},"end":{"line":318,"column":null}},"79":{"start":{"line":320,"column":2},"end":{"line":320,"column":null}}},"fnMap":{"0":{"name":"getProjectScopeRegistryPath","decl":{"start":{"line":68,"column":16},"end":{"line":68,"column":54}},"loc":{"start":{"line":68,"column":54},"end":{"line":70,"column":null}},"line":68},"1":{"name":"createProjectScopeCapability","decl":{"start":{"line":72,"column":16},"end":{"line":72,"column":45}},"loc":{"start":{"line":72,"column":95},"end":{"line":74,"column":null}},"line":72},"2":{"name":"(anonymous_2)","decl":{"start":{"line":81,"column":2},"end":{"line":81,"column":14}},"loc":{"start":{"line":81,"column":62},"end":{"line":84,"column":null}},"line":81},"3":{"name":"(anonymous_3)","decl":{"start":{"line":83,"column":32},"end":{"line":83,"column":38}},"loc":{"start":{"line":83,"column":32},"end":{"line":83,"column":null}},"line":83},"4":{"name":"(anonymous_4)","decl":{"start":{"line":86,"column":2},"end":{"line":86,"column":39}},"loc":{"start":{"line":86,"column":39},"end":{"line":101,"column":null}},"line":86},"5":{"name":"(anonymous_5)","decl":{"start":{"line":103,"column":2},"end":{"line":103,"column":8}},"loc":{"start":{"line":103,"column":54},"end":{"line":108,"column":null}},"line":103},"6":{"name":"(anonymous_6)","decl":{"start":{"line":110,"column":2},"end":{"line":110,"column":36}},"loc":{"start":{"line":110,"column":36},"end":{"line":114,"column":null}},"line":110},"7":{"name":"(anonymous_7)","decl":{"start":{"line":111,"column":50},"end":{"line":111,"column":51}},"loc":{"start":{"line":112,"column":6},"end":{"line":112,"column":null}},"line":112},"8":{"name":"(anonymous_8)","decl":{"start":{"line":116,"column":2},"end":{"line":116,"column":11}},"loc":{"start":{"line":116,"column":61},"end":{"line":118,"column":null}},"line":116},"9":{"name":"(anonymous_9)","decl":{"start":{"line":120,"column":2},"end":{"line":120,"column":20}},"loc":{"start":{"line":120,"column":67},"end":{"line":127,"column":null}},"line":120},"10":{"name":"(anonymous_10)","decl":{"start":{"line":123,"column":45},"end":{"line":123,"column":46}},"loc":{"start":{"line":124,"column":8},"end":{"line":124,"column":null}},"line":124},"11":{"name":"(anonymous_11)","decl":{"start":{"line":129,"column":2},"end":{"line":129,"column":12}},"loc":{"start":{"line":129,"column":80},"end":{"line":158,"column":null}},"line":129},"12":{"name":"(anonymous_12)","decl":{"start":{"line":160,"column":2},"end":{"line":160,"column":16}},"loc":{"start":{"line":160,"column":75},"end":{"line":176,"column":null}},"line":160},"13":{"name":"(anonymous_13)","decl":{"start":{"line":178,"column":2},"end":{"line":178,"column":19}},"loc":{"start":{"line":178,"column":64},"end":{"line":188,"column":null}},"line":178},"14":{"name":"(anonymous_14)","decl":{"start":{"line":190,"column":2},"end":{"line":190,"column":null}},"loc":{"start":{"line":194,"column":30},"end":{"line":210,"column":null}},"line":194},"15":{"name":"(anonymous_15)","decl":{"start":{"line":212,"column":2},"end":{"line":212,"column":null}},"loc":{"start":{"line":216,"column":23},"end":{"line":235,"column":null}},"line":216},"16":{"name":"(anonymous_16)","decl":{"start":{"line":237,"column":2},"end":{"line":237,"column":null}},"loc":{"start":{"line":241,"column":40},"end":{"line":252,"column":null}},"line":241},"17":{"name":"(anonymous_17)","decl":{"start":{"line":254,"column":2},"end":{"line":254,"column":null}},"loc":{"start":{"line":257,"column":30},"end":{"line":263,"column":null}},"line":257},"18":{"name":"(anonymous_18)","decl":{"start":{"line":259,"column":42},"end":{"line":259,"column":43}},"loc":{"start":{"line":260,"column":8},"end":{"line":260,"column":null}},"line":260},"19":{"name":"(anonymous_19)","decl":{"start":{"line":265,"column":2},"end":{"line":265,"column":null}},"loc":{"start":{"line":268,"column":35},"end":{"line":274,"column":null}},"line":268},"20":{"name":"resolveAlembicWorkspace","decl":{"start":{"line":277,"column":16},"end":{"line":277,"column":40}},"loc":{"start":{"line":277,"column":80},"end":{"line":279,"column":null}},"line":277},"21":{"name":"resolveAlembicDaemonPaths","decl":{"start":{"line":281,"column":16},"end":{"line":281,"column":42}},"loc":{"start":{"line":281,"column":81},"end":{"line":294,"column":null}},"line":281},"22":{"name":"summarizeProjectScope","decl":{"start":{"line":296,"column":16},"end":{"line":296,"column":38}},"loc":{"start":{"line":296,"column":85},"end":{"line":298,"column":null}},"line":296},"23":{"name":"defaultControlRootForFolder","decl":{"start":{"line":300,"column":9},"end":{"line":300,"column":37}},"loc":{"start":{"line":300,"column":65},"end":{"line":302,"column":null}},"line":300},"24":{"name":"safeRealpath","decl":{"start":{"line":304,"column":9},"end":{"line":304,"column":22}},"loc":{"start":{"line":304,"column":57},"end":{"line":310,"column":null}},"line":304},"25":{"name":"normalizeString","decl":{"start":{"line":312,"column":9},"end":{"line":312,"column":25}},"loc":{"start":{"line":312,"column":74},"end":{"line":314,"column":null}},"line":312},"26":{"name":"pathsEquivalent","decl":{"start":{"line":316,"column":9},"end":{"line":316,"column":25}},"loc":{"start":{"line":316,"column":77},"end":{"line":321,"column":null}},"line":316}},"branchMap":{"0":{"loc":{"start":{"line":72,"column":45},"end":{"line":72,"column":95}},"type":"default-arg","locations":[{"start":{"line":72,"column":57},"end":{"line":72,"column":95}}],"line":72},"1":{"loc":{"start":{"line":81,"column":14},"end":{"line":81,"column":62}},"type":"default-arg","locations":[{"start":{"line":81,"column":58},"end":{"line":81,"column":62}}],"line":81},"2":{"loc":{"start":{"line":82,"column":24},"end":{"line":82,"column":null}},"type":"binary-expr","locations":[{"start":{"line":82,"column":24},"end":{"line":82,"column":48}},{"start":{"line":82,"column":48},"end":{"line":82,"column":null}}],"line":82},"3":{"loc":{"start":{"line":83,"column":16},"end":{"line":83,"column":null}},"type":"binary-expr","locations":[{"start":{"line":83,"column":16},"end":{"line":83,"column":32}},{"start":{"line":83,"column":32},"end":{"line":83,"column":null}}],"line":83},"4":{"loc":{"start":{"line":88,"column":6},"end":{"line":90,"column":null}},"type":"if","locations":[{"start":{"line":88,"column":6},"end":{"line":90,"column":null}},{"start":{},"end":{}}],"line":88},"5":{"loc":{"start":{"line":94,"column":6},"end":{"line":96,"column":null}},"type":"if","locations":[{"start":{"line":94,"column":6},"end":{"line":96,"column":null}},{"start":{},"end":{}}],"line":94},"6":{"loc":{"start":{"line":94,"column":10},"end":{"line":94,"column":73}},"type":"binary-expr","locations":[{"start":{"line":94,"column":10},"end":{"line":94,"column":34}},{"start":{"line":94,"column":34},"end":{"line":94,"column":52}},{"start":{"line":94,"column":52},"end":{"line":94,"column":73}}],"line":94},"7":{"loc":{"start":{"line":117,"column":11},"end":{"line":117,"column":null}},"type":"binary-expr","locations":[{"start":{"line":117,"column":11},"end":{"line":117,"column":49}},{"start":{"line":117,"column":49},"end":{"line":117,"column":null}}],"line":117},"8":{"loc":{"start":{"line":123,"column":6},"end":{"line":125,"column":null}},"type":"binary-expr","locations":[{"start":{"line":123,"column":6},"end":{"line":125,"column":11}},{"start":{"line":125,"column":11},"end":{"line":125,"column":null}}],"line":123},"9":{"loc":{"start":{"line":135,"column":25},"end":{"line":137,"column":null}},"type":"cond-expr","locations":[{"start":{"line":135,"column":25},"end":{"line":136,"column":null}},{"start":{"line":137,"column":8},"end":{"line":137,"column":null}}],"line":135},"10":{"loc":{"start":{"line":146,"column":6},"end":{"line":148,"column":null}},"type":"binary-expr","locations":[{"start":{"line":146,"column":6},"end":{"line":146,"column":null}},{"start":{"line":147,"column":6},"end":{"line":147,"column":null}},{"start":{"line":148,"column":6},"end":{"line":148,"column":null}}],"line":146},"11":{"loc":{"start":{"line":163,"column":10},"end":{"line":165,"column":null}},"type":"binary-expr","locations":[{"start":{"line":163,"column":10},"end":{"line":164,"column":null}},{"start":{"line":165,"column":6},"end":{"line":165,"column":null}}],"line":163},"12":{"loc":{"start":{"line":166,"column":4},"end":{"line":168,"column":null}},"type":"if","locations":[{"start":{"line":166,"column":4},"end":{"line":168,"column":null}},{"start":{},"end":{}}],"line":166},"13":{"loc":{"start":{"line":181,"column":4},"end":{"line":183,"column":null}},"type":"if","locations":[{"start":{"line":181,"column":4},"end":{"line":183,"column":null}},{"start":{},"end":{}}],"line":181},"14":{"loc":{"start":{"line":185,"column":23},"end":{"line":185,"column":null}},"type":"binary-expr","locations":[{"start":{"line":185,"column":23},"end":{"line":185,"column":63}},{"start":{"line":185,"column":63},"end":{"line":185,"column":null}}],"line":185},"15":{"loc":{"start":{"line":196,"column":4},"end":{"line":202,"column":null}},"type":"if","locations":[{"start":{"line":196,"column":4},"end":{"line":202,"column":null}},{"start":{},"end":{}}],"line":196},"16":{"loc":{"start":{"line":198,"column":6},"end":{"line":200,"column":null}},"type":"if","locations":[{"start":{"line":198,"column":6},"end":{"line":200,"column":null}},{"start":{},"end":{}}],"line":198},"17":{"loc":{"start":{"line":205,"column":4},"end":{"line":207,"column":null}},"type":"if","locations":[{"start":{"line":205,"column":4},"end":{"line":207,"column":null}},{"start":{},"end":{}}],"line":205},"18":{"loc":{"start":{"line":209,"column":4},"end":{"line":209,"column":null}},"type":"binary-expr","locations":[{"start":{"line":209,"column":4},"end":{"line":209,"column":84}},{"start":{"line":209,"column":84},"end":{"line":209,"column":null}}],"line":209},"19":{"loc":{"start":{"line":218,"column":6},"end":{"line":218,"column":null}},"type":"binary-expr","locations":[{"start":{"line":218,"column":6},"end":{"line":218,"column":46}},{"start":{"line":218,"column":46},"end":{"line":218,"column":null}}],"line":218},"20":{"loc":{"start":{"line":226,"column":19},"end":{"line":226,"column":null}},"type":"binary-expr","locations":[{"start":{"line":226,"column":19},"end":{"line":226,"column":59}},{"start":{"line":226,"column":54},"end":{"line":226,"column":null}}],"line":226},"21":{"loc":{"start":{"line":244,"column":19},"end":{"line":244,"column":null}},"type":"binary-expr","locations":[{"start":{"line":244,"column":19},"end":{"line":244,"column":59}},{"start":{"line":244,"column":54},"end":{"line":244,"column":null}}],"line":244},"22":{"loc":{"start":{"line":250,"column":12},"end":{"line":250,"column":null}},"type":"binary-expr","locations":[{"start":{"line":250,"column":12},"end":{"line":250,"column":28}},{"start":{"line":250,"column":28},"end":{"line":250,"column":null}}],"line":250},"23":{"loc":{"start":{"line":259,"column":6},"end":{"line":261,"column":null}},"type":"binary-expr","locations":[{"start":{"line":259,"column":6},"end":{"line":261,"column":11}},{"start":{"line":261,"column":11},"end":{"line":261,"column":null}}],"line":259},"24":{"loc":{"start":{"line":270,"column":4},"end":{"line":272,"column":null}},"type":"if","locations":[{"start":{"line":270,"column":4},"end":{"line":272,"column":null}},{"start":{},"end":{}}],"line":270},"25":{"loc":{"start":{"line":313,"column":9},"end":{"line":313,"column":null}},"type":"cond-expr","locations":[{"start":{"line":313,"column":64},"end":{"line":313,"column":79}},{"start":{"line":313,"column":79},"end":{"line":313,"column":null}}],"line":313},"26":{"loc":{"start":{"line":313,"column":9},"end":{"line":313,"column":64}},"type":"binary-expr","locations":[{"start":{"line":313,"column":9},"end":{"line":313,"column":38}},{"start":{"line":313,"column":38},"end":{"line":313,"column":64}}],"line":313},"27":{"loc":{"start":{"line":317,"column":2},"end":{"line":319,"column":null}},"type":"if","locations":[{"start":{"line":317,"column":2},"end":{"line":319,"column":null}},{"start":{},"end":{}}],"line":317},"28":{"loc":{"start":{"line":317,"column":6},"end":{"line":317,"column":23}},"type":"binary-expr","locations":[{"start":{"line":317,"column":6},"end":{"line":317,"column":15}},{"start":{"line":317,"column":15},"end":{"line":317,"column":23}}],"line":317}},"s":{"0":3,"1":13,"2":15,"3":13,"4":13,"5":5,"6":15,"7":15,"8":5,"9":10,"10":10,"11":0,"12":10,"13":0,"14":5,"15":5,"16":5,"17":5,"18":0,"19":0,"20":1,"21":0,"22":0,"23":0,"24":7,"25":7,"26":7,"27":7,"28":7,"29":7,"30":7,"31":7,"32":7,"33":7,"34":7,"35":7,"36":7,"37":7,"38":7,"39":7,"40":0,"41":7,"42":4,"43":4,"44":4,"45":0,"46":4,"47":7,"48":7,"49":3,"50":3,"51":1,"52":2,"53":4,"54":4,"55":4,"56":0,"57":4,"58":4,"59":4,"60":4,"61":6,"62":5,"63":1,"64":1,"65":1,"66":0,"67":1,"68":4,"69":1,"70":1,"71":1,"72":0,"73":6,"74":6,"75":0,"76":25,"77":1,"78":0,"79":1},"f":{"0":13,"1":15,"2":13,"3":5,"4":15,"5":5,"6":0,"7":0,"8":1,"9":0,"10":0,"11":7,"12":7,"13":4,"14":7,"15":4,"16":6,"17":5,"18":1,"19":1,"20":4,"21":1,"22":1,"23":0,"24":6,"25":25,"26":1},"b":{"0":[15],"1":[13],"2":[13,13],"3":[13,5],"4":[5,10],"5":[0,10],"6":[10,10,10],"7":[1,0],"8":[0,0],"9":[2,4],"10":[7,0,0],"11":[7,1],"12":[0,7],"13":[0,4],"14":[4,0],"15":[3,4],"16":[1,2],"17":[4,0],"18":[0,0],"19":[4,0],"20":[4,3],"21":[6,5],"22":[6,3],"23":[5,4],"24":[0,1],"25":[13,12],"26":[25,13],"27":[0,1],"28":[1,1]},"meta":{"lastBranch":29,"lastFunction":27,"lastStatement":80,"seen":{"s:36:47:36:Infinity":0,"f:68:16:68:54":0,"s:69:2:69:Infinity":1,"f:72:16:72:45":1,"b:72:57:72:95":0,"s:73:2:73:Infinity":2,"f:81:2:81:14":2,"b:81:58:81:62":1,"s:82:4:82:Infinity":3,"b:82:24:82:48:82:48:82:Infinity":2,"s:83:4:83:Infinity":4,"b:83:16:83:32:83:32:83:Infinity":3,"f:83:32:83:38":3,"s:83:32:83:Infinity":5,"f:86:2:86:39":4,"s:87:4:100:Infinity":6,"b:88:6:90:Infinity:undefined:undefined:undefined:undefined":4,"s:88:6:90:Infinity":7,"s:89:8:89:Infinity":8,"s:91:21:93:Infinity":9,"b:94:6:96:Infinity:undefined:undefined:undefined:undefined":5,"s:94:6:96:Infinity":10,"b:94:10:94:34:94:34:94:52:94:52:94:73":6,"s:95:8:95:Infinity":11,"s:97:6:97:Infinity":12,"s:99:6:99:Infinity":13,"f:103:2:103:8":5,"s:104:4:104:Infinity":14,"s:105:20:105:Infinity":15,"s:106:4:106:Infinity":16,"s:107:4:107:Infinity":17,"f:110:2:110:36":6,"s:111:4:113:Infinity":18,"f:111:50:111:51":7,"s:112:6:112:Infinity":19,"f:116:2:116:11":8,"s:117:4:117:Infinity":20,"b:117:11:117:49:117:49:117:Infinity":7,"f:120:2:120:20":9,"s:121:10:121:Infinity":21,"s:122:4:125:Infinity":22,"b:123:6:125:11:125:11:125:Infinity":8,"f:123:45:123:46":10,"s:124:8:124:Infinity":23,"f:129:2:129:12":11,"s:130:21:130:Infinity":24,"s:131:10:131:Infinity":25,"s:132:16:132:Infinity":26,"s:133:26:133:Infinity":27,"s:134:24:134:Infinity":28,"s:135:25:137:Infinity":29,"b:135:25:136:Infinity:137:8:137:Infinity":9,"s:138:10:138:Infinity":30,"s:139:4:139:Infinity":31,"s:140:4:140:Infinity":32,"s:142:10:144:Infinity":33,"s:146:6:148:Infinity":34,"b:146:6:146:Infinity:147:6:147:Infinity:148:6:148:Infinity":10,"s:150:4:157:Infinity":35,"f:160:2:160:16":12,"s:161:21:161:Infinity":36,"s:162:10:162:Infinity":37,"s:163:10:165:Infinity":38,"b:163:10:164:Infinity:165:6:165:Infinity":11,"b:166:4:168:Infinity:undefined:undefined:undefined:undefined":12,"s:166:4:168:Infinity":39,"s:167:6:167:Infinity":40,"s:169:4:175:Infinity":41,"f:178:2:178:19":13,"s:179:10:179:Infinity":42,"s:180:21:180:Infinity":43,"b:181:4:183:Infinity:undefined:undefined:undefined:undefined":13,"s:181:4:183:Infinity":44,"s:182:6:182:Infinity":45,"s:184:4:187:Infinity":46,"b:185:23:185:63:185:63:185:Infinity":14,"f:190:2:190:Infinity":14,"s:195:28:195:Infinity":47,"b:196:4:202:Infinity:undefined:undefined:undefined:undefined":15,"s:196:4:202:Infinity":48,"s:197:20:197:Infinity":49,"b:198:6:200:Infinity:undefined:undefined:undefined:undefined":16,"s:198:6:200:Infinity":50,"s:199:8:199:Infinity":51,"s:201:6:201:Infinity":52,"s:204:24:204:Infinity":53,"b:205:4:207:Infinity:undefined:undefined:undefined:undefined":17,"s:205:4:207:Infinity":54,"s:206:6:206:Infinity":55,"s:209:4:209:Infinity":56,"b:209:4:209:84:209:84:209:Infinity":18,"f:212:2:212:Infinity":15,"s:217:10:219:Infinity":57,"b:218:6:218:46:218:46:218:Infinity":19,"s:220:10:220:Infinity":58,"s:221:10:221:Infinity":59,"s:222:4:234:Infinity":60,"b:226:19:226:59:226:54:226:Infinity":20,"f:237:2:237:Infinity":16,"s:242:4:251:Infinity":61,"b:244:19:244:59:244:54:244:Infinity":21,"b:250:12:250:28:250:28:250:Infinity":22,"f:254:2:254:Infinity":17,"s:258:4:261:Infinity":62,"b:259:6:261:11:261:11:261:Infinity":23,"f:259:42:259:43":18,"s:260:8:260:Infinity":63,"f:265:2:265:Infinity":19,"s:269:18:269:Infinity":64,"b:270:4:272:Infinity:undefined:undefined:undefined:undefined":24,"s:270:4:272:Infinity":65,"s:271:6:271:Infinity":66,"s:273:4:273:Infinity":67,"f:277:16:277:40":20,"s:278:2:278:Infinity":68,"f:281:16:281:42":21,"s:282:19:282:Infinity":69,"s:283:2:293:Infinity":70,"f:296:16:296:38":22,"s:297:2:297:Infinity":71,"f:300:9:300:37":23,"s:301:2:301:Infinity":72,"f:304:9:304:22":24,"s:305:2:309:Infinity":73,"s:306:4:306:Infinity":74,"s:308:4:308:Infinity":75,"f:312:9:312:25":25,"s:313:2:313:Infinity":76,"b:313:64:313:79:313:79:313:Infinity":25,"b:313:9:313:38:313:38:313:64":26,"f:316:9:316:25":26,"b:317:2:319:Infinity:undefined:undefined:undefined:undefined":27,"s:317:2:319:Infinity":77,"b:317:6:317:15:317:15:317:23":28,"s:318:4:318:Infinity":78,"s:320:2:320:Infinity":79}}}
}
